<?xml version="1.0" encoding="UTF-8"?>
<!-- Generated by org.testng.reporters.JUnitReportReporter -->
<testsuite skipped="0" hostname="DESKTOP-PR1CERD" name="suiteExample.DemoOne" tests="2" failures="0" timestamp="2020-07-08T10:29:28 IST" time="0.035" errors="0">
  <testcase name="secondTestCase" time="0.003" classname="suiteExample.DemoOne"/>
  <testcase name="firstTestCase" time="0.032" classname="suiteExample.DemoOne"/>
</testsuite> <!-- suiteExample.DemoOne -->
