<?xml version="1.0" encoding="UTF-8"?>
<!-- Generated by org.testng.reporters.JUnitReportReporter -->
<testsuite skipped="0" hostname="DESKTOP-PR1CERD" name="suiteExample.DemoTwo" tests="1" failures="0" timestamp="2020-07-08T10:29:28 IST" time="0.003" errors="0">
  <testcase name="TestCase" time="0.003" classname="suiteExample.DemoTwo"/>
</testsuite> <!-- suiteExample.DemoTwo -->
