<?xml version="1.0" encoding="UTF-8"?>
<!-- Generated by org.testng.reporters.JUnitReportReporter -->
<testsuite skipped="0" hostname="DESKTOP-PR1CERD" name="testNgActivity5.Activity5" tests="5" failures="0" timestamp="2020-07-14T00:03:42 IST" time="0.706" errors="0">
  <testcase name="ButtonTest2" time="0.091" classname="testNgActivity5.Activity5"/>
  <testcase name="HeaderTest1" time="0.104" classname="testNgActivity5.Activity5"/>
  <testcase name="HeaderTest2" time="0.183" classname="testNgActivity5.Activity5"/>
  <testcase name="ButtonTest1" time="0.244" classname="testNgActivity5.Activity5"/>
  <testcase name="pageTitleTest" time="0.084" classname="testNgActivity5.Activity5"/>
</testsuite> <!-- testNgActivity5.Activity5 -->
